
Showing logs for build [32mmeta-cb-kubecd-bdd-gh-156805713-1[0m stage [32mmeta-pipeline[0m and container [32mstep-credential-initializer-m9565[0m
{"level":"warn","ts":1568057159.3045778,"logger":"fallback-logger","caller":"logging/config.go:69","msg":"Fetch GitHub commit ID from kodata failed: \"ref: refs/heads/master\" is not a valid GitHub commit ID"}
{"level":"info","ts":1568057159.305042,"logger":"fallback-logger","caller":"creds-init/main.go:40","msg":"Credentials initialized."}

Showing logs for build [32mmeta-cb-kubecd-bdd-gh-156805713-1[0m stage [32mmeta-pipeline[0m and container [32mstep-working-dir-initializer-lwgqn[0m
{"level":"warn","ts":1568057160.2612278,"logger":"fallback-logger","caller":"logging/config.go:69","msg":"Fetch GitHub commit ID from kodata failed: open /var/run/ko/HEAD: no such file or directory"}
{"level":"info","ts":1568057160.2698464,"logger":"fallback-logger","caller":"bash/main.go:65","msg":"Successfully executed command \"mkdir -p /workspace/source\""}

Showing logs for build [32mmeta-cb-kubecd-bdd-gh-156805713-1[0m stage [32mmeta-pipeline[0m and container [32mstep-place-tools[0m

Showing logs for build [32mmeta-cb-kubecd-bdd-gh-156805713-1[0m stage [32mmeta-pipeline[0m and container [32mstep-git-source-meta-cb-kubecd-bdd-gh-156805713-4xmws[0m
{"level":"warn","ts":1568057165.3702054,"logger":"fallback-logger","caller":"logging/config.go:69","msg":"Fetch GitHub commit ID from kodata failed: \"ref: refs/heads/master\" is not a valid GitHub commit ID"}
{"level":"info","ts":1568057166.4710329,"logger":"fallback-logger","caller":"git/git.go:102","msg":"Successfully cloned https://github.com/cb-kubecd/bdd-gh-1568057137.git @ 1c35aed7461892b70b2669257cf8d201f242859c in path /workspace/source"}

Showing logs for build [32mmeta-cb-kubecd-bdd-gh-156805713-1[0m stage [32mmeta-pipeline[0m and container [32mstep-git-merge[0m
Using SHAs from PULL_REFS=master:1c35aed7461892b70b2669257cf8d201f242859c
WARNING: no SHAs to merge, falling back to initial cloned commit

Showing logs for build [32mmeta-cb-kubecd-bdd-gh-156805713-1[0m stage [32mmeta-pipeline[0m and container [32mstep-merge-pull-refs[0m
SKIP merge-pull-refs: Nothing to merge

Showing logs for build [32mmeta-cb-kubecd-bdd-gh-156805713-1[0m stage [32mmeta-pipeline[0m and container [32mstep-create-effective-pipeline[0m
Deleting and cloning the Jenkins X versions repo
Cloning the Jenkins X versions repo https://github.com/jenkins-x/jenkins-x-versions.git with ref refs/heads/master to /builder/home/.**/jenkins-x-versions
Effective pipeline written to jenkins-x-effective.yml

Showing logs for build [32mmeta-cb-kubecd-bdd-gh-156805713-1[0m stage [32mmeta-pipeline[0m and container [32mstep-create-tekton-crds[0m
running command: echo \$(**-release-version) > VERSION

running command: ** step tag --version \$(cat VERSION)
Updating chart version in charts/bdd-gh-1568057137/Chart.yaml to 0.0.1
Updating repository in charts/bdd-gh-1568057137/values.yaml to gcr.io/jenkins-x-bdd2/bdd-gh-1568057137
Updating tag in charts/bdd-gh-1568057137/values.yaml to 0.0.1
Tag v0.0.1 created and pushed to remote origin

PipelineActivity for cb-kubecd-bdd-gh-1568057137-master-1
Applying changes 
upserted PipelineResource cb-kubecd-bdd-gh-1568057137-mas for the git repository https://github.com/cb-kubecd/bdd-gh-1568057137.git
upserted Task cb-kubecd-bdd-gh-1568057137-mas-from-build-pack-1
upserted Pipeline cb-kubecd-bdd-gh-1568057137-mas-1
created PipelineRun cb-kubecd-bdd-gh-1568057137-mas-1
created PipelineStructure cb-kubecd-bdd-gh-1568057137-mas-1

Showing logs for build [32mmeta-cb-kubecd-bdd-gh-156805713-1[0m stage [32mfrom-build-pack[0m and container [32mstep-credential-initializer-5z4k2[0m
{"level":"warn","ts":1568057179.5724866,"logger":"fallback-logger","caller":"logging/config.go:69","msg":"Fetch GitHub commit ID from kodata failed: \"ref: refs/heads/master\" is not a valid GitHub commit ID"}
{"level":"info","ts":1568057179.57301,"logger":"fallback-logger","caller":"creds-init/main.go:40","msg":"Credentials initialized."}

Showing logs for build [32mmeta-cb-kubecd-bdd-gh-156805713-1[0m stage [32mfrom-build-pack[0m and container [32mstep-working-dir-initializer-w7p9d[0m
{"level":"warn","ts":1568057180.5011063,"logger":"fallback-logger","caller":"logging/config.go:69","msg":"Fetch GitHub commit ID from kodata failed: open /var/run/ko/HEAD: no such file or directory"}
{"level":"info","ts":1568057180.5055473,"logger":"fallback-logger","caller":"bash/main.go:65","msg":"Successfully executed command \"mkdir -p /workspace/source /workspace/source/charts/bdd-gh-1568057137\""}

Showing logs for build [32mmeta-cb-kubecd-bdd-gh-156805713-1[0m stage [32mfrom-build-pack[0m and container [32mstep-place-tools[0m

Showing logs for build [32mmeta-cb-kubecd-bdd-gh-156805713-1[0m stage [32mfrom-build-pack[0m and container [32mstep-git-source-cb-kubecd-bdd-gh-1568057137-mas-2j7kg[0m
{"level":"warn","ts":1568057252.6037896,"logger":"fallback-logger","caller":"logging/config.go:69","msg":"Fetch GitHub commit ID from kodata failed: \"ref: refs/heads/master\" is not a valid GitHub commit ID"}
{"level":"info","ts":1568057253.7231054,"logger":"fallback-logger","caller":"git/git.go:102","msg":"Successfully cloned https://github.com/cb-kubecd/bdd-gh-1568057137.git @ v0.0.1 in path /workspace/source"}

Showing logs for build [32mmeta-cb-kubecd-bdd-gh-156805713-1[0m stage [32mfrom-build-pack[0m and container [32mstep-git-merge[0m
Using SHAs from PULL_REFS=master:1c35aed7461892b70b2669257cf8d201f242859c
WARNING: no SHAs to merge, falling back to initial cloned commit

Showing logs for build [32mmeta-cb-kubecd-bdd-gh-156805713-1[0m stage [32mfrom-build-pack[0m and container [32mstep-setup-jx-git-credentials[0m
Generated Git credentials file /workspace/xdg_config/git/credentials

Showing logs for build [32mmeta-cb-kubecd-bdd-gh-156805713-1[0m stage [32mfrom-build-pack[0m and container [32mstep-build-make-build[0m
CGO_ENABLED=0 GO15VENDOREXPERIMENT=1 go build -ldflags '' -o bin/bdd-gh-1568057137 main.go

Showing logs for build [32mmeta-cb-kubecd-bdd-gh-156805713-1[0m stage [32mfrom-build-pack[0m and container [32mstep-build-container-build[0m
[36mINFO[0m[0000] No base image, nothing to extract            
[36mINFO[0m[0000] cmd: EXPOSE                                  
[36mINFO[0m[0000] Adding exposed port: 8080/tcp                
[36mINFO[0m[0000] Using files from context: [/workspace/source/bin] 
[36mINFO[0m[0000] Skipping unpacking as no commands require it. 
[36mINFO[0m[0000] Taking snapshot of full filesystem...        
[36mINFO[0m[0000] EXPOSE 8080                                  
[36mINFO[0m[0000] cmd: EXPOSE                                  
[36mINFO[0m[0000] Adding exposed port: 8080/tcp                
[36mINFO[0m[0000] No files changed in this command, skipping snapshotting. 
[36mINFO[0m[0000] ENTRYPOINT ["/bdd-gh-1568057137"]            
[36mINFO[0m[0000] No files changed in this command, skipping snapshotting. 
[36mINFO[0m[0000] Using files from context: [/workspace/source/bin] 
[36mINFO[0m[0000] COPY ./bin/ /                                
[36mINFO[0m[0000] Taking snapshot of files...                  
2019/09/09 19:27:47 pushed blob: sha256:ba7b068c39123ce92168da6c2e2740cc58b08093bb1f33c965d6b15c3d83b483
2019/09/09 19:27:47 pushed blob: sha256:a2bb94fcd88ab19735e9a0b037e8772aa9b50903a11b68999280eae039f03232
2019/09/09 19:27:49 gcr.io/jenkins-x-bdd2/bdd-gh-1568057137:0.0.1: digest: sha256:291574b7fb994c5929170e6c6160e6c8101af46607889601bd32fa35f6b8a25f size: 428

Showing logs for build [32mmeta-cb-kubecd-bdd-gh-156805713-1[0m stage [32mfrom-build-pack[0m and container [32mstep-build-post-build[0m
no CVE provider running in the current ** namespace so skip adding image to be analysed

Showing logs for build [32mmeta-cb-kubecd-bdd-gh-156805713-1[0m stage [32mfrom-build-pack[0m and container [32mstep-promote-changelog[0m
Converted /workspace/source/charts/bdd-gh-1568057137 to an unshallow repository
no previous commit version found so change diff unavailable

Showing logs for build [32mmeta-cb-kubecd-bdd-gh-156805713-1[0m stage [32mfrom-build-pack[0m and container [32mstep-promote-helm-release[0m
WARNING: No $CHART_REPOSITORY defined so using the default value of: http://jenkins-x-chartmuseum:8080
Adding missing Helm repo: storage.googleapis.com https://storage.googleapis.com/chartmuseum.jenkins-x.io
Successfully added Helm repository storage.googleapis.com.
Adding missing Helm repo: jenkins-x-chartmuseum http://jenkins-x-chartmuseum:8080
Successfully added Helm repository jenkins-x-chartmuseum.
WARNING: No $CHART_REPOSITORY defined so using the default value of: http://jenkins-x-chartmuseum:8080
Uploading chart file bdd-gh-1568057137-0.0.1.tgz to http://jenkins-x-chartmuseum:8080/api/charts
Received 201 response: {"saved":true}

Showing logs for build [32mmeta-cb-kubecd-bdd-gh-156805713-1[0m stage [32mfrom-build-pack[0m and container [32mstep-promote-jx-promote[0m
WARNING: prow based install so skip waiting for the merge of Pull Requests to go green as currently there is an issue with gettingstatuses from the PR, see https://github.com/jenkins-x/**/issues/2410
Promoting app bdd-gh-1568057137 version 0.0.1 to namespace **-staging
Created Pull Request: https://github.com/cb-kubecd/environment-pr-5390-19-tekton-gkebdd-staging/pull/2
Pull Request https://github.com/cb-kubecd/environment-pr-5390-19-tekton-gkebdd-staging/pull/2 is merged at sha 02066ef5375dae1665c9a796267882df64aaaa21
Pull Request merged but we are not waiting for the update pipeline to complete!
WARNING: Could not find the service URL in namespace **-staging for names bdd-gh-1568057137, **-bdd-gh-1568057137, **-staging-bdd-gh-1568057137
