
Showing logs for build [32mcb-kubecd-bdd-gh-1568057137-pr-1[0m stage [32mmeta-pipeline[0m and container [32mstep-credential-initializer-m2z6n[0m
{"level":"warn","ts":1568057759.801363,"logger":"fallback-logger","caller":"logging/config.go:69","msg":"Fetch GitHub commit ID from kodata failed: \"ref: refs/heads/master\" is not a valid GitHub commit ID"}
{"level":"info","ts":1568057759.8020089,"logger":"fallback-logger","caller":"creds-init/main.go:40","msg":"Credentials initialized."}

Showing logs for build [32mcb-kubecd-bdd-gh-1568057137-pr-1[0m stage [32mmeta-pipeline[0m and container [32mstep-working-dir-initializer-hlr6c[0m
{"level":"warn","ts":1568057761.6278918,"logger":"fallback-logger","caller":"logging/config.go:69","msg":"Fetch GitHub commit ID from kodata failed: open /var/run/ko/HEAD: no such file or directory"}
{"level":"info","ts":1568057761.6836457,"logger":"fallback-logger","caller":"bash/main.go:65","msg":"Successfully executed command \"mkdir -p /workspace/source\""}

Showing logs for build [32mcb-kubecd-bdd-gh-1568057137-pr-1[0m stage [32mmeta-pipeline[0m and container [32mstep-place-tools[0m

Showing logs for build [32mcb-kubecd-bdd-gh-1568057137-pr-1[0m stage [32mmeta-pipeline[0m and container [32mstep-git-source-meta-cb-kubecd-bdd-gh-156805713-h67p6[0m
{"level":"warn","ts":1568057766.9650254,"logger":"fallback-logger","caller":"logging/config.go:69","msg":"Fetch GitHub commit ID from kodata failed: \"ref: refs/heads/master\" is not a valid GitHub commit ID"}
{"level":"info","ts":1568057768.0469959,"logger":"fallback-logger","caller":"git/git.go:102","msg":"Successfully cloned https://github.com/cb-kubecd/bdd-gh-1568057137.git @ 1c35aed7461892b70b2669257cf8d201f242859c in path /workspace/source"}

Showing logs for build [32mcb-kubecd-bdd-gh-1568057137-pr-1[0m stage [32mmeta-pipeline[0m and container [32mstep-git-merge[0m
Using SHAs from PULL_REFS=master:1c35aed7461892b70b2669257cf8d201f242859c,1:d11c5db723f3e43622cd9eb9d01e8739931edeba
DEBUG: ran git fetch --unshallow origin d11c5db723f3e43622cd9eb9d01e8739931edeba: 1c35aed7461892b70b2669257cf8d201f242859c: in 
DEBUG: ran git checkout master in 
DEBUG: ran git reset --hard 1c35aed7461892b70b2669257cf8d201f242859c in 
DEBUG: ran clean --force -d . in 
DEBUG: ran git merge d11c5db723f3e43622cd9eb9d01e8739931edeba in 
Merged SHA d11c5db723f3e43622cd9eb9d01e8739931edeba with commit message 'My first PR commit' into base branch master

Showing logs for build [32mcb-kubecd-bdd-gh-1568057137-pr-1[0m stage [32mmeta-pipeline[0m and container [32mstep-merge-pull-refs[0m
DEBUG: ran git fetch origin d11c5db723f3e43622cd9eb9d01e8739931edeba: 1c35aed7461892b70b2669257cf8d201f242859c: in 
DEBUG: Unshallowed git repo in 
DEBUG: ran git checkout master in 
DEBUG: ran git reset --hard 1c35aed7461892b70b2669257cf8d201f242859c in 
DEBUG: ran clean --force -d . in 
DEBUG: ran git merge d11c5db723f3e43622cd9eb9d01e8739931edeba in 
Merged SHA d11c5db723f3e43622cd9eb9d01e8739931edeba with commit message 'My first PR commit' into base branch master

Showing logs for build [32mcb-kubecd-bdd-gh-1568057137-pr-1[0m stage [32mmeta-pipeline[0m and container [32mstep-create-effective-pipeline[0m
Deleting and cloning the Jenkins X versions repo
Cloning the Jenkins X versions repo https://github.com/jenkins-x/jenkins-x-versions.git with ref refs/heads/master to /builder/home/.**/jenkins-x-versions
Effective pipeline written to jenkins-x-serverless-jenkins-effective.yml

Showing logs for build [32mcb-kubecd-bdd-gh-1568057137-pr-1[0m stage [32mmeta-pipeline[0m and container [32mstep-create-tekton-crds[0m
PipelineActivity for cb-kubecd-bdd-gh-1568057137-PR-1-1
Applying changes 
upserted PipelineResource cb-kubecd-bdd-gh-1568057137-pr for the git repository https://github.com/cb-kubecd/bdd-gh-1568057137.git
upserted Task cb-kubecd-bdd-gh-1568057137-pr-from-build-pack-1
upserted Pipeline cb-kubecd-bdd-gh-1568057137-pr-1
created PipelineRun cb-kubecd-bdd-gh-1568057137-pr-1
created PipelineStructure cb-kubecd-bdd-gh-1568057137-pr-1

Showing logs for build [32mcb-kubecd-bdd-gh-1568057137-pr-1[0m stage [32mfrom-build-pack[0m and container [32mstep-credential-initializer-m85bc[0m
{"level":"warn","ts":1568057784.5814104,"logger":"fallback-logger","caller":"logging/config.go:69","msg":"Fetch GitHub commit ID from kodata failed: \"ref: refs/heads/master\" is not a valid GitHub commit ID"}
{"level":"info","ts":1568057784.5821655,"logger":"fallback-logger","caller":"creds-init/main.go:40","msg":"Credentials initialized."}

Showing logs for build [32mcb-kubecd-bdd-gh-1568057137-pr-1[0m stage [32mfrom-build-pack[0m and container [32mstep-working-dir-initializer-4zxxq[0m
{"level":"warn","ts":1568057785.9066803,"logger":"fallback-logger","caller":"logging/config.go:69","msg":"Fetch GitHub commit ID from kodata failed: open /var/run/ko/HEAD: no such file or directory"}
{"level":"info","ts":1568057785.9086218,"logger":"fallback-logger","caller":"bash/main.go:65","msg":"Successfully executed command \"mkdir -p /workspace/source /workspace/source/charts/preview\""}

Showing logs for build [32mcb-kubecd-bdd-gh-1568057137-pr-1[0m stage [32mfrom-build-pack[0m and container [32mstep-place-tools[0m

Showing logs for build [32mcb-kubecd-bdd-gh-1568057137-pr-1[0m stage [32mfrom-build-pack[0m and container [32mstep-git-source-cb-kubecd-bdd-gh-1568057137-pr-r5df5[0m
{"level":"warn","ts":1568057862.05278,"logger":"fallback-logger","caller":"logging/config.go:69","msg":"Fetch GitHub commit ID from kodata failed: \"ref: refs/heads/master\" is not a valid GitHub commit ID"}
{"level":"info","ts":1568057863.1593428,"logger":"fallback-logger","caller":"git/git.go:102","msg":"Successfully cloned https://github.com/cb-kubecd/bdd-gh-1568057137.git @ master in path /workspace/source"}

Showing logs for build [32mcb-kubecd-bdd-gh-1568057137-pr-1[0m stage [32mfrom-build-pack[0m and container [32mstep-git-merge[0m
Using SHAs from PULL_REFS=master:1c35aed7461892b70b2669257cf8d201f242859c,1:d11c5db723f3e43622cd9eb9d01e8739931edeba
DEBUG: ran git fetch --unshallow origin d11c5db723f3e43622cd9eb9d01e8739931edeba: 1c35aed7461892b70b2669257cf8d201f242859c: in 
DEBUG: ran git checkout master in 
DEBUG: ran git reset --hard 1c35aed7461892b70b2669257cf8d201f242859c in 
DEBUG: ran clean --force -d . in 
DEBUG: ran git merge d11c5db723f3e43622cd9eb9d01e8739931edeba in 
Merged SHA d11c5db723f3e43622cd9eb9d01e8739931edeba with commit message 'My first PR commit' into base branch master

Showing logs for build [32mcb-kubecd-bdd-gh-1568057137-pr-1[0m stage [32mfrom-build-pack[0m and container [32mstep-build-make-linux[0m
CGO_ENABLED=0 GOOS=linux GOARCH=amd64 GO15VENDOREXPERIMENT=1 go build -ldflags '' -o bin/bdd-gh-1568057137 main.go

Showing logs for build [32mcb-kubecd-bdd-gh-1568057137-pr-1[0m stage [32mfrom-build-pack[0m and container [32mstep-build-container-build[0m
[36mINFO[0m[0000] No base image, nothing to extract            
[36mINFO[0m[0000] cmd: EXPOSE                                  
[36mINFO[0m[0000] Adding exposed port: 8080/tcp                
[36mINFO[0m[0000] Using files from context: [/workspace/source/bin] 
[36mINFO[0m[0000] Skipping unpacking as no commands require it. 
[36mINFO[0m[0000] Taking snapshot of full filesystem...        
[36mINFO[0m[0000] EXPOSE 8080                                  
[36mINFO[0m[0000] cmd: EXPOSE                                  
[36mINFO[0m[0000] Adding exposed port: 8080/tcp                
[36mINFO[0m[0000] No files changed in this command, skipping snapshotting. 
[36mINFO[0m[0000] ENTRYPOINT ["/bdd-gh-1568057137"]            
[36mINFO[0m[0000] No files changed in this command, skipping snapshotting. 
[36mINFO[0m[0000] Using files from context: [/workspace/source/bin] 
[36mINFO[0m[0000] COPY ./bin/ /                                
[36mINFO[0m[0000] Taking snapshot of files...                  
2019/09/09 19:37:56 pushed blob: sha256:a17fd289ec8d3f903f1ce54d8b0fc33f0ef3d4756e7e659572b40d843d9eb86e
2019/09/09 19:37:57 pushed blob: sha256:03a522af176aea3793f5844958c5b4629a274c2685f799b79770fdc18ecc858e
2019/09/09 19:37:59 gcr.io/jenkins-x-bdd2/bdd-gh-1568057137:0.0.0-SNAPSHOT-PR-1-1: digest: sha256:31b94e0d95f96eec33885a5c40cb590517f251e0789e293bd20ff1804b96b23b size: 428

Showing logs for build [32mcb-kubecd-bdd-gh-1568057137-pr-1[0m stage [32mfrom-build-pack[0m and container [32mstep-postbuild-post-build[0m
no CVE provider running in the current ** namespace so skip adding image to be analysed

Showing logs for build [32mcb-kubecd-bdd-gh-1568057137-pr-1[0m stage [32mfrom-build-pack[0m and container [32mstep-promote-make-preview[0m
sed -i -e "s/version:.*/version: 0.0.0-SNAPSHOT-PR-1-1/" Chart.yaml
sed -i -e "s/version:.*/version: 0.0.0-SNAPSHOT-PR-1-1/" ../*/Chart.yaml
sed -i -e "s|repository:.*|repository: gcr.io\/jenkins-x-bdd2\/bdd-gh-1568057137|" values.yaml
sed -i -e "s/tag:.*/tag: 0.0.0-SNAPSHOT-PR-1-1/" values.yaml
echo "  version: 0.0.0-SNAPSHOT-PR-1-1" >> requirements.yaml
** step helm build
WARNING: No $CHART_REPOSITORY defined so using the default value of: http://jenkins-x-chartmuseum:8080
Adding missing Helm repo: storage.googleapis.com https://storage.googleapis.com/chartmuseum.jenkins-x.io
Successfully added Helm repository storage.googleapis.com.
Adding missing Helm repo: jenkins-x-chartmuseum http://jenkins-x-chartmuseum:8080
Successfully added Helm repository jenkins-x-chartmuseum.
WARNING: No $CHART_REPOSITORY defined so using the default value of: http://jenkins-x-chartmuseum:8080
Adding missing Helm repo: chartmuseum.jenkins-x.io http://chartmuseum.jenkins-x.io
Successfully added Helm repository chartmuseum.jenkins-x.io.

Showing logs for build [32mcb-kubecd-bdd-gh-1568057137-pr-1[0m stage [32mfrom-build-pack[0m and container [32mstep-promote-jx-preview[0m
Creating a preview
WARNING: No author for commit: d11c5db723f3e43622cd9eb9d01e8739931edeba
Created environment cb-kubecd-bdd-gh-1568057137-pr-1
Namespace **-cb-kubecd-bdd-gh-1568057137-pr-1 created 
expose:
  Annotations:
    helm.sh/hook: post-install,post-upgrade
    helm.sh/hook-delete-policy: hook-succeeded
  config:
    domain: 104.155.123.106.nip.io
    exposer: Ingress
    http: "true"
preview:
  image:
    repository: gcr.io/jenkins-x-bdd2/bdd-gh-1568057137
    tag: 0.0.0-SNAPSHOT-PR-1-1
Deleting and cloning the Jenkins X versions repo
Cloning the Jenkins X versions repo https://github.com/jenkins-x/jenkins-x-versions.git with ref refs/heads/master to /builder/home/.**/jenkins-x-versions


Updating PipelineActivities cb-kubecd-bdd-gh-1568057137-pr-1-1 which has status Running
Preview application is now available at: http://bdd-gh-1568057137.**-cb-kubecd-bdd-gh-1568057137-pr-1.104.155.123.106.nip.io
